<?xml version="1.0" encoding="UTF-8"?>
<!-- Generated by org.testng.reporters.JUnitXMLReporter -->
<testsuite ignored="1" hostname="LAPTOP-UNPNO2TU" failures="0" tests="1" name="Default test" time="7.391" errors="0" timestamp="2024-03-09T18:34:39 EST">
  <testcase classname="com.naveenAutomation.tests.AccountLoginPageTest" name="validateLoginWithIncorrectPassword" time="0.778"/>
  <testcase classname="com.naveenAutomation.tests.AccountLoginPageTest" name="validateLoginWithIncorrectUsername" time="0.0">
    <ignored/>
  </testcase> <!-- validateLoginWithIncorrectUsername -->
</testsuite> <!-- Default test -->
